<?xml version="1.0" encoding="UTF-8"?>
<!-- Generated by org.testng.reporters.JUnitXMLReporter -->
<testsuite hostname="LAPTOP-G176N8GQ" ignored="2" name="Login Test" tests="1" failures="0" timestamp="2022-12-12T11:04:58 GMT" time="5.851" errors="0">
  <testcase name="verifyTheUsernameErrorMessage" time="0.553" classname="com.herokuapp.internet.testsuite.LoginPageTest"/>
  <testcase name="verifyThePasswordErrorMessage" time="0.0" classname="com.herokuapp.internet.testsuite.LoginPageTest">
    <ignored/>
  </testcase> <!-- verifyThePasswordErrorMessage -->
  <testcase name="UserShouldLoginSuccessfullyWithValidCredentials" time="0.0" classname="com.herokuapp.internet.testsuite.LoginPageTest">
    <ignored/>
  </testcase> <!-- UserShouldLoginSuccessfullyWithValidCredentials -->
</testsuite> <!-- Login Test -->
