<?xml version="1.0" encoding="UTF-8"?>
<!-- Generated by org.testng.reporters.JUnitXMLReporter -->
<testsuite hostname="LAPTOP-G176N8GQ" ignored="0" name="Login Test" tests="3" failures="0" timestamp="2022-12-12T11:06:52 GMT" time="12.877" errors="0">
  <testcase name="UserShouldLoginSuccessfullyWithValidCredentials" time="0.487" classname="com.herokuapp.internet.testsuite.LoginPageTest"/>
  <testcase name="verifyThePasswordErrorMessage" time="0.47" classname="com.herokuapp.internet.testsuite.LoginPageTest"/>
  <testcase name="verifyTheUsernameErrorMessage" time="0.488" classname="com.herokuapp.internet.testsuite.LoginPageTest"/>
</testsuite> <!-- Login Test -->
