<?xml version="1.0" encoding="UTF-8"?>
<!-- Generated by org.testng.reporters.JUnitXMLReporter -->
<testsuite hostname="LAPTOP-G176N8GQ" ignored="0" name="Login Test" tests="3" failures="0" timestamp="2022-12-12T11:08:29 GMT" time="13.756" errors="0">
  <testcase name="UserShouldLoginSuccessfullyWithValidCredentials" time="0.564" classname="com.herokuapp.internet.testsuite.LoginPageTest"/>
  <testcase name="verifyThePasswordErrorMessage" time="0.508" classname="com.herokuapp.internet.testsuite.LoginPageTest"/>
  <testcase name="verifyTheUsernameErrorMessage" time="0.514" classname="com.herokuapp.internet.testsuite.LoginPageTest"/>
</testsuite> <!-- Login Test -->
